<?xml version="1.0" encoding="UTF-8"?>
<!-- Generated by org.testng.reporters.JUnitReportReporter -->
<testsuite hostname="LAPTOP-BPR3FB0Q" failures="0" tests="1" name="testscripts.TestScriptSearchWine" time="245.753" errors="0" timestamp="2021-10-06T16:11:46 IST" skipped="0">
  <testcase classname="testscripts.TestScriptSearchWine" name="testSerachResults" time="245.753"/>
  <system-out/>
</testsuite> <!-- testscripts.TestScriptSearchWine -->
